
<<<<< Begin of task (b62f31d1-06f1-4c26-b62d-4f4de53e1616) >>>>>


-----------------------------------------------------------------
[ 12/17/18 12:12:40 ]	Thresholding started...
[ 12/17/18 12:12:41 ]	Thresholding done

-----------------------------------------------------------------
[ 12/17/18 12:12:41 ]	Despeckle
[ 12/17/18 12:12:50 ]	Despeckle done

-----------------------------------------------------------------
[ 12/17/18 12:12:50 ]	Morphological operations
[ 12/17/18 12:13:34 ]	Morphological operations done

-----------------------------------------------------------------
[ 12/17/18 12:13:34 ]	Despeckle
[ 12/17/18 12:13:35 ]	Despeckle done

-----------------------------------------------------------------
[ 12/17/18 12:13:35 ]	Morphological operations
[ 12/17/18 12:13:36 ]	Morphological operations done

-----------------------------------------------------------------
[ 12/17/18 12:13:36 ]	ROI shrink-wrap
[ 12/17/18 12:13:37 ]	ROI shrink-wrap done

-----------------------------------------------------------------
[ 12/17/18 12:13:37 ]	Save bitmaps (only ROI)
[ 12/17/18 12:13:40 ]	Save bitmaps done

<<<<< End of task (b62f31d1-06f1-4c26-b62d-4f4de53e1616) >>>>>
